2024-04-26 15:25:02,149 - Log4JLogChute initialized using file 'velocity.log'
2024-04-26 15:25:02,149 - Initializing Velocity, Calling init()...
2024-04-26 15:25:02,149 - Starting Apache Velocity v1.7 (compiled: 2010-11-19 12:14:37)
2024-04-26 15:25:02,149 - Default Properties File: org\apache\velocity\runtime\defaults\velocity.properties
2024-04-26 15:25:02,149 - Trying to use logger class org.apache.velocity.runtime.log.AvalonLogChute
2024-04-26 15:25:02,149 - Target log system for org.apache.velocity.runtime.log.AvalonLogChute is not available (java.lang.NoClassDefFoundError: org/apache/log/format/Formatter).  Falling back to next log system...
2024-04-26 15:25:02,149 - Trying to use logger class org.apache.velocity.runtime.log.Log4JLogChute
2024-04-26 15:25:02,149 - Using logger class org.apache.velocity.runtime.log.Log4JLogChute
2024-04-26 15:25:02,156 - ResourceLoader instantiated: org.apache.velocity.runtime.resource.loader.ClasspathResourceLoader
2024-04-26 15:25:02,180 - ResourceCache: initialized (class org.apache.velocity.runtime.resource.ResourceCacheImpl) with class java.util.Collections$SynchronizedMap cache map.
2024-04-26 15:25:02,182 - Loaded System Directive: org.apache.velocity.runtime.directive.Stop
2024-04-26 15:25:02,183 - Loaded System Directive: org.apache.velocity.runtime.directive.Define
2024-04-26 15:25:02,184 - Loaded System Directive: org.apache.velocity.runtime.directive.Break
2024-04-26 15:25:02,185 - Loaded System Directive: org.apache.velocity.runtime.directive.Evaluate
2024-04-26 15:25:02,186 - Loaded System Directive: org.apache.velocity.runtime.directive.Literal
2024-04-26 15:25:02,187 - Loaded System Directive: org.apache.velocity.runtime.directive.Macro
2024-04-26 15:25:02,188 - Loaded System Directive: org.apache.velocity.runtime.directive.Parse
2024-04-26 15:25:02,189 - Loaded System Directive: org.apache.velocity.runtime.directive.Include
2024-04-26 15:25:02,190 - Loaded System Directive: org.apache.velocity.runtime.directive.Foreach
2024-04-26 15:25:02,213 - Created '20' parsers.
2024-04-26 15:25:02,218 - Velocimacro : "velocimacro.library" is not set.  Trying default library: VM_global_library.vm
2024-04-26 15:25:02,218 - Could not load resource 'VM_global_library.vm' from ResourceLoader org.apache.velocity.runtime.resource.loader.ClasspathResourceLoader: ClasspathResourceLoader Error: cannot find resource VM_global_library.vm
2024-04-26 15:25:02,218 - Velocimacro : Default library not found.
2024-04-26 15:25:02,219 - Velocimacro : allowInline = true : VMs can be defined inline in templates
2024-04-26 15:25:02,219 - Velocimacro : allowInlineToOverride = false : VMs defined inline may NOT replace previous VM definitions
2024-04-26 15:25:02,219 - Velocimacro : allowInlineLocal = false : VMs defined inline will be global in scope if allowed.
2024-04-26 15:25:02,219 - Velocimacro : autoload off : VM system will not automatically reload global library macros
2024-04-26 15:25:02,243 - ResourceManager : found /templates/entity.java.vm with loader org.apache.velocity.runtime.resource.loader.ClasspathResourceLoader
2024-04-26 15:25:02,258 - ResourceManager : found /templates/mapper.java.vm with loader org.apache.velocity.runtime.resource.loader.ClasspathResourceLoader
2024-04-26 15:25:02,262 - ResourceManager : found /templates/mapper.xml.vm with loader org.apache.velocity.runtime.resource.loader.ClasspathResourceLoader
2024-04-26 15:25:02,263 - ResourceManager : found /templates/service.java.vm with loader org.apache.velocity.runtime.resource.loader.ClasspathResourceLoader
2024-04-26 15:25:02,264 - ResourceManager : found /templates/serviceImpl.java.vm with loader org.apache.velocity.runtime.resource.loader.ClasspathResourceLoader
2024-04-26 15:25:02,266 - ResourceManager : found /templates/controller.java.vm with loader org.apache.velocity.runtime.resource.loader.ClasspathResourceLoader
